01:22:08,855 INFO  ~ Starting /Users/pascalabaziou/dev/wks/pureblog
01:22:09,308 WARN  ~ You're running Play! in DEV mode
01:22:09,382 INFO  ~ Listening for HTTP on port 9090 (Waiting a first request to start) ...
01:22:19,632 INFO  ~ Connected to jdbc:h2:mem:play;MODE=MYSQL
01:22:20,290 INFO  ~ Application 'pureblog' is now started !
01:25:04,276 INFO  ~ Starting /Users/pascalabaziou/dev/wks/pureblog
01:25:04,692 WARN  ~ You're running Play! in DEV mode
01:25:04,768 INFO  ~ Listening for HTTP on port 9090 (Waiting a first request to start) ...
01:25:10,297 INFO  ~ Connected to jdbc:h2:mem:play;MODE=MYSQL
01:25:10,413 INFO  ~ Hibernate Commons Annotations 3.2.0.Final
01:25:10,417 INFO  ~ Hibernate 3.6.10.Final
01:25:10,417 INFO  ~ hibernate.properties not found
01:25:10,419 INFO  ~ Bytecode provider name : javassist
01:25:10,421 INFO  ~ using JDK 1.4 java.sql.Timestamp handling
01:25:10,458 INFO  ~ Hibernate EntityManager 3.6.10.Final
01:25:10,501 INFO  ~ Binding entity from annotated class: models.Setting
01:25:10,520 INFO  ~ Bind entity models.Setting on table Setting
01:25:10,552 INFO  ~ Binding entity from annotated class: models.Comment
01:25:10,552 INFO  ~ Bind entity models.Comment on table Comment
01:25:10,566 INFO  ~ Binding entity from annotated class: models.Post
01:25:10,566 INFO  ~ Bind entity models.Post on table pb_post
01:25:10,584 INFO  ~ Binding entity from annotated class: models.User
01:25:10,585 INFO  ~ Bind entity models.User on table pb_user
01:25:10,592 INFO  ~ Mapping collection: models.Post.comments -> Comment
01:25:10,595 INFO  ~ Hibernate Validator not found: ignoring
01:25:10,605 INFO  ~ Hibernate Validator 4.1.0.Final
01:25:10,609 INFO  ~ Instantiated an instance of org.hibernate.validator.engine.resolver.JPATraversableResolver.
01:25:10,680 INFO  ~ Instantiated an instance of org.hibernate.validator.engine.resolver.JPATraversableResolver.
01:25:10,687 INFO  ~ Instantiated an instance of org.hibernate.validator.engine.resolver.JPATraversableResolver.
01:25:10,689 INFO  ~ Unable to find org.hibernate.search.event.FullTextIndexEventListener on the classpath. Hibernate Search is not enabled.
01:25:10,694 INFO  ~ Initializing connection provider: org.hibernate.ejb.connection.InjectedDataSourceConnectionProvider
01:25:10,696 INFO  ~ Using provided datasource
01:25:10,713 INFO  ~ Using dialect: org.hibernate.dialect.H2Dialect
01:25:10,719 INFO  ~ Disabling contextual LOB creation as JDBC driver reported JDBC version [3] less than 4
01:25:10,719 INFO  ~ Database ->
       name : H2
    version : 1.3.166 (2012-04-08)
      major : 1
      minor : 3
01:25:10,719 INFO  ~ Driver ->
       name : H2 JDBC Driver
    version : 1.3.166 (2012-04-08)
      major : 1
      minor : 3
01:25:10,720 INFO  ~ Using default transaction strategy (direct JDBC transactions)
01:25:10,722 INFO  ~ No TransactionManagerLookup configured (in JTA environment, use of read-write or transactional second-level cache is not recommended)
01:25:10,722 INFO  ~ Automatic flush during beforeCompletion(): disabled
01:25:10,722 INFO  ~ Automatic session close at end of transaction: disabled
01:25:10,722 INFO  ~ JDBC batch size: 15
01:25:10,722 INFO  ~ JDBC batch updates for versioned data: disabled
01:25:10,722 INFO  ~ Scrollable result sets: enabled
01:25:10,722 INFO  ~ JDBC3 getGeneratedKeys(): enabled
01:25:10,722 INFO  ~ Connection release mode: auto
01:25:10,723 INFO  ~ Default batch fetch size: 1
01:25:10,723 INFO  ~ Generate SQL with comments: disabled
01:25:10,723 INFO  ~ Order SQL updates by primary key: disabled
01:25:10,723 INFO  ~ Order SQL inserts for batching: disabled
01:25:10,723 INFO  ~ Query translator: org.hibernate.hql.ast.ASTQueryTranslatorFactory
01:25:10,724 INFO  ~ Using ASTQueryTranslatorFactory
01:25:10,724 INFO  ~ Query language substitutions: {}
01:25:10,724 INFO  ~ JPA-QL strict compliance: enabled
01:25:10,724 INFO  ~ Second-level cache: enabled
01:25:10,724 INFO  ~ Query cache: disabled
01:25:10,724 INFO  ~ Cache region factory : org.hibernate.cache.impl.NoCachingRegionFactory
01:25:10,724 INFO  ~ Optimize cache for minimal puts: disabled
01:25:10,724 INFO  ~ Structured second-level cache entries: disabled
01:25:10,727 INFO  ~ Statistics: disabled
01:25:10,727 INFO  ~ Deleted entity synthetic identifier rollback: disabled
01:25:10,727 INFO  ~ Default entity-mode: pojo
01:25:10,727 INFO  ~ Named query checking : enabled
01:25:10,727 INFO  ~ Check Nullability in Core (should be disabled when Bean Validation is on): disabled
01:25:10,736 INFO  ~ building session factory
01:25:10,740 INFO  ~ Type registration [blob] overrides previous : org.hibernate.type.BlobType@b412c18
01:25:10,740 INFO  ~ Type registration [java.sql.Blob] overrides previous : org.hibernate.type.BlobType@b412c18
01:25:10,740 INFO  ~ Type registration [wrapper_characters_clob] overrides previous : org.hibernate.type.CharacterArrayClobType@63b5e16d
01:25:10,740 INFO  ~ Type registration [clob] overrides previous : org.hibernate.type.ClobType@39e2ee3f
01:25:10,740 INFO  ~ Type registration [java.sql.Clob] overrides previous : org.hibernate.type.ClobType@39e2ee3f
01:25:10,740 INFO  ~ Type registration [materialized_clob] overrides previous : org.hibernate.type.MaterializedClobType@618787c9
01:25:10,740 INFO  ~ Type registration [wrapper_materialized_blob] overrides previous : org.hibernate.type.WrappedMaterializedBlobType@8e3cf25
01:25:10,740 INFO  ~ Type registration [characters_clob] overrides previous : org.hibernate.type.PrimitiveCharacterArrayClobType@24348ab2
01:25:10,740 INFO  ~ Type registration [materialized_blob] overrides previous : org.hibernate.type.MaterializedBlobType@757dbeaf
01:25:10,863 INFO  ~ Not binding factory to JNDI, no JNDI name configured
01:25:10,866 INFO  ~ Running hbm2ddl schema update
01:25:10,866 INFO  ~ fetching database metadata
01:25:10,873 INFO  ~ updating schema
01:25:10,873 INFO  ~ Instantiated an instance of org.hibernate.validator.engine.resolver.JPATraversableResolver.
01:25:10,880 INFO  ~ table not found: Comment
01:25:10,882 INFO  ~ table not found: Setting
01:25:10,884 INFO  ~ table not found: pb_post
01:25:10,886 INFO  ~ table not found: pb_user
01:25:10,887 INFO  ~ table not found: Comment
01:25:10,888 INFO  ~ table not found: Setting
01:25:10,890 INFO  ~ table not found: pb_post
01:25:10,892 INFO  ~ table not found: pb_user
01:25:10,905 INFO  ~ schema update complete
01:25:10,937 INFO  ~ Application 'pureblog' is now started !
01:25:53,444 INFO  ~ id : [617471fe-a49c-4cc2-b517-932336463a24]
01:25:53,490 INFO  ~ id : [482f00c1-8a4f-4d8c-96cd-3f8570b03c43]
01:29:24,431 INFO  ~ id : [3d7730b9-899b-45f7-91e9-3e6d52d40b21]
01:29:46,171 INFO  ~ id : [850bfe11-6b4d-4d94-bf99-6292ac2e594d]
01:33:16,873 INFO  ~ closing
01:33:16,904 INFO  ~ Binding entity from annotated class: models.Setting
01:33:16,904 INFO  ~ Bind entity models.Setting on table Setting
01:33:16,906 INFO  ~ Binding entity from annotated class: models.Comment
01:33:16,907 INFO  ~ Bind entity models.Comment on table Comment
01:33:16,909 INFO  ~ Binding entity from annotated class: models.Post
01:33:16,909 INFO  ~ Bind entity models.Post on table pb_post
01:33:16,912 INFO  ~ Binding entity from annotated class: models.User
01:33:16,912 INFO  ~ Bind entity models.User on table pb_user
01:33:16,915 INFO  ~ Mapping collection: models.Post.comments -> Comment
01:33:16,915 INFO  ~ Hibernate Validator not found: ignoring
01:33:16,916 INFO  ~ Instantiated an instance of org.hibernate.validator.engine.resolver.JPATraversableResolver.
01:33:16,938 INFO  ~ Instantiated an instance of org.hibernate.validator.engine.resolver.JPATraversableResolver.
01:33:16,943 INFO  ~ Instantiated an instance of org.hibernate.validator.engine.resolver.JPATraversableResolver.
01:33:16,943 INFO  ~ Unable to find org.hibernate.search.event.FullTextIndexEventListener on the classpath. Hibernate Search is not enabled.
01:33:16,944 INFO  ~ Initializing connection provider: org.hibernate.ejb.connection.InjectedDataSourceConnectionProvider
01:33:16,944 INFO  ~ Using provided datasource
01:33:16,944 INFO  ~ Using dialect: org.hibernate.dialect.H2Dialect
01:33:16,944 INFO  ~ Disabling contextual LOB creation as JDBC driver reported JDBC version [3] less than 4
01:33:16,945 INFO  ~ Database ->
       name : H2
    version : 1.3.166 (2012-04-08)
      major : 1
      minor : 3
01:33:16,945 INFO  ~ Driver ->
       name : H2 JDBC Driver
    version : 1.3.166 (2012-04-08)
      major : 1
      minor : 3
01:33:16,945 INFO  ~ Using default transaction strategy (direct JDBC transactions)
01:33:16,945 INFO  ~ No TransactionManagerLookup configured (in JTA environment, use of read-write or transactional second-level cache is not recommended)
01:33:16,945 INFO  ~ Automatic flush during beforeCompletion(): disabled
01:33:16,945 INFO  ~ Automatic session close at end of transaction: disabled
01:33:16,945 INFO  ~ JDBC batch size: 15
01:33:16,945 INFO  ~ JDBC batch updates for versioned data: disabled
01:33:16,945 INFO  ~ Scrollable result sets: enabled
01:33:16,945 INFO  ~ JDBC3 getGeneratedKeys(): enabled
01:33:16,945 INFO  ~ Connection release mode: auto
01:33:16,945 INFO  ~ Default batch fetch size: 1
01:33:16,945 INFO  ~ Generate SQL with comments: disabled
01:33:16,945 INFO  ~ Order SQL updates by primary key: disabled
01:33:16,945 INFO  ~ Order SQL inserts for batching: disabled
01:33:16,945 INFO  ~ Query translator: org.hibernate.hql.ast.ASTQueryTranslatorFactory
01:33:16,945 INFO  ~ Using ASTQueryTranslatorFactory
01:33:16,945 INFO  ~ Query language substitutions: {}
01:33:16,945 INFO  ~ JPA-QL strict compliance: enabled
01:33:16,945 INFO  ~ Second-level cache: enabled
01:33:16,945 INFO  ~ Query cache: disabled
01:33:16,945 INFO  ~ Cache region factory : org.hibernate.cache.impl.NoCachingRegionFactory
01:33:16,945 INFO  ~ Optimize cache for minimal puts: disabled
01:33:16,945 INFO  ~ Structured second-level cache entries: disabled
01:33:16,945 INFO  ~ Statistics: disabled
01:33:16,945 INFO  ~ Deleted entity synthetic identifier rollback: disabled
01:33:16,945 INFO  ~ Default entity-mode: pojo
01:33:16,945 INFO  ~ Named query checking : enabled
01:33:16,945 INFO  ~ Check Nullability in Core (should be disabled when Bean Validation is on): disabled
01:33:16,947 INFO  ~ building session factory
01:33:16,948 INFO  ~ Type registration [blob] overrides previous : org.hibernate.type.BlobType@b412c18
01:33:16,948 INFO  ~ Type registration [java.sql.Blob] overrides previous : org.hibernate.type.BlobType@b412c18
01:33:16,948 INFO  ~ Type registration [wrapper_characters_clob] overrides previous : org.hibernate.type.CharacterArrayClobType@63b5e16d
01:33:16,948 INFO  ~ Type registration [clob] overrides previous : org.hibernate.type.ClobType@39e2ee3f
01:33:16,948 INFO  ~ Type registration [java.sql.Clob] overrides previous : org.hibernate.type.ClobType@39e2ee3f
01:33:16,948 INFO  ~ Type registration [materialized_clob] overrides previous : org.hibernate.type.MaterializedClobType@618787c9
01:33:16,948 INFO  ~ Type registration [wrapper_materialized_blob] overrides previous : org.hibernate.type.WrappedMaterializedBlobType@8e3cf25
01:33:16,948 INFO  ~ Type registration [characters_clob] overrides previous : org.hibernate.type.PrimitiveCharacterArrayClobType@24348ab2
01:33:16,948 INFO  ~ Type registration [materialized_blob] overrides previous : org.hibernate.type.MaterializedBlobType@757dbeaf
01:33:16,978 INFO  ~ Not binding factory to JNDI, no JNDI name configured
01:33:16,978 INFO  ~ Running hbm2ddl schema update
01:33:16,978 INFO  ~ fetching database metadata
01:33:16,980 INFO  ~ updating schema
01:33:16,980 INFO  ~ Instantiated an instance of org.hibernate.validator.engine.resolver.JPATraversableResolver.
01:33:16,995 INFO  ~ table found: play.public.comment
01:33:16,995 INFO  ~ columns: [content, id, postedat, author, post_id]
01:33:16,995 INFO  ~ foreign keys: [fk9bde863f388562de]
01:33:16,995 INFO  ~ indexes: [primary_key_6, fk9bde863f388562de_index_6]
01:33:16,999 INFO  ~ table found: play.public.setting
01:33:16,999 INFO  ~ columns: [id, title, brand, tagline]
01:33:16,999 INFO  ~ foreign keys: []
01:33:16,999 INFO  ~ indexes: [primary_key_a]
01:33:17,018 INFO  ~ table found: play.public.pb_post
01:33:17,018 INFO  ~ columns: [content, id, postedat, title, author_id]
01:33:17,018 INFO  ~ foreign keys: [fkd1642acda7cd013e]
01:33:17,018 INFO  ~ indexes: [primary_key_f, fkd1642acda7cd013e_index_f]
01:33:17,029 INFO  ~ table found: play.public.pb_user
01:33:17,029 INFO  ~ columns: [id, email, avatar, password, isadmin, fullname]
01:33:17,029 INFO  ~ foreign keys: []
01:33:17,030 INFO  ~ indexes: [primary_key_fd]
01:33:17,030 INFO  ~ schema update complete
01:33:32,324 INFO  ~ id : [4c4fc543-eb22-4b03-9c21-fd1a51151f48]
